#
# There is insufficient memory for the Java Runtime Environment to continue.
# Native memory allocation (malloc) failed to allocate 902016 bytes for Chunk::new
# Possible reasons:
#   The system is out of physical RAM or swap space
#   The process is running with CompressedOops enabled, and the Java Heap may be blocking the growth of the native heap
# Possible solutions:
#   Reduce memory load on the system
#   Increase physical memory or swap space
#   Check if swap backing store is full
#   Decrease Java heap size (-Xmx/-Xms)
#   Decrease number of Java threads
#   Decrease Java thread stack sizes (-Xss)
#   Set larger code cache with -XX:ReservedCodeCacheSize=
#   JVM is running with Zero Based Compressed Oops mode in which the Java heap is
#     placed in the first 32GB address space. The Java Heap base address is the
#     maximum limit for the native heap growth. Please use -XX:HeapBaseMinAddress
#     to set the Java Heap base and to place the Java Heap above 32GB virtual address.
# This output file may be truncated or incomplete.
#
#  Out of Memory Error (arena.cpp:168), pid=22020, tid=4748
#
# JRE version: Java(TM) SE Runtime Environment (21.0.1+12) (build 21.0.1+12-LTS-29)
# Java VM: Java HotSpot(TM) 64-Bit Server VM (21.0.1+12-LTS-29, mixed mode, sharing, tiered, compressed oops, compressed class ptrs, g1 gc, windows-amd64)
# No core dump will be written. Minidumps are not enabled by default on client versions of Windows
#

---------------  S U M M A R Y ------------

Command Line: --enable-preview -javaagent:D:\[phanmemmaytinh.org]Proteus-Professional-8.17-SP2\intellij\IntelliJ IDEA Community Edition 2025.2.4\lib\idea_rt.jar=64075 -Dfile.encoding=UTF-8 -Dsun.stdout.encoding=UTF-8 -Dsun.stderr.encoding=UTF-8 --module-path=C:\Users\ducp4\.m2\repository\org\openjfx\javafx-graphics\21\javafx-graphics-21-win.jar;C:\Users\ducp4\.m2\repository\org\openjfx\javafx-base\21\javafx-base-21-win.jar;C:\Users\ducp4\.m2\repository\org\openjfx\javafx-controls\21\javafx-controls-21-win.jar;C:\Users\ducp4\.m2\repository\org\json\json\20230227\json-20230227.jar;C:\Users\ducp4\.m2\repository\org\openjfx\javafx-fxml\21\javafx-fxml-21-win.jar;C:\Users\ducp4\.m2\repository\com\google\code\gson\gson\2.10.1\gson-2.10.1.jar;C:\Users\ducp4\Downloads\TankVerse\target\classes -Djdk.module.main=com.tank2d.tankverse com.tank2d.tankverse/com.tank2d.tankverse.ClientMain

Host: 12th Gen Intel(R) Core(TM) i5-12500H, 16 cores, 15G,  Windows 11 , 64 bit Build 26100 (10.0.26100.7019)
Time: Sun Dec 14 23:08:14 2025 SE Asia Standard Time elapsed time: 3.845755 seconds (0d 0h 0m 3s)

---------------  T H R E A D  ---------------

Current thread (0x000001544e269a00):  JavaThread "C2 CompilerThread0" daemon [_thread_in_native, id=4748, stack(0x0000002026a00000,0x0000002026b00000) (1024K)]


Current CompileTask:
C2:   3845 3409 %     4       com.sun.marlin.Renderer::_endRendering @ 787 (2639 bytes)

Stack: [0x0000002026a00000,0x0000002026b00000]
Native frames: (J=compiled Java code, j=interpreted, Vv=VM code, C=native code)
V  [jvm.dll+0x6c9029]
V  [jvm.dll+0x854b81]
V  [jvm.dll+0x856e5e]
V  [jvm.dll+0x857543]
V  [jvm.dll+0x280c06]
V  [jvm.dll+0xc3ead]
V  [jvm.dll+0xc43c3]
V  [jvm.dll+0x3b576c]
V  [jvm.dll+0x1e1ec3]
V  [jvm.dll+0x249c22]
V  [jvm.dll+0x2490b1]
V  [jvm.dll+0x1c9ca1]
V  [jvm.dll+0x2586b9]
V  [jvm.dll+0x256c9a]
V  [jvm.dll+0x3ef1b6]
V  [jvm.dll+0x7fd728]
V  [jvm.dll+0x6c777d]
C  [ucrtbase.dll+0x37b0]
C  [KERNEL32.DLL+0x2e8d7]
C  [ntdll.dll+0x8c53c]


---------------  P R O C E S S  ---------------

Threads class SMR info:
_java_thread_list=0x000001549a90bce0, length=25, elements={
0x000001542c32a160, 0x000001544e25b9a0, 0x000001544e25e510, 0x000001544e2649b0,
0x000001544e265410, 0x000001544e265fa0, 0x000001544e266b30, 0x000001544e269a00,
0x000001544e28f690, 0x000001544e290430, 0x000001544e28fd60, 0x000001544e3c55f0,
0x000001544e290b00, 0x00000154946dd4e0, 0x00000154946ddb50, 0x00000154941f5b60,
0x0000015494a0bac0, 0x0000015494792130, 0x000001549a1218b0, 0x000001549a16ffa0,
0x000001549a1a1d50, 0x000001549a1a23e0, 0x000001549a1a2a70, 0x000001549af49260,
0x000001549af49930
}

Java Threads: ( => current thread )
  0x000001542c32a160 JavaThread "main"                              [_thread_blocked, id=3208, stack(0x0000002025c00000,0x0000002025d00000) (1024K)]
  0x000001544e25b9a0 JavaThread "Reference Handler"          daemon [_thread_blocked, id=19184, stack(0x0000002026400000,0x0000002026500000) (1024K)]
  0x000001544e25e510 JavaThread "Finalizer"                  daemon [_thread_blocked, id=20936, stack(0x0000002026500000,0x0000002026600000) (1024K)]
  0x000001544e2649b0 JavaThread "Signal Dispatcher"          daemon [_thread_blocked, id=10824, stack(0x0000002026600000,0x0000002026700000) (1024K)]
  0x000001544e265410 JavaThread "Attach Listener"            daemon [_thread_blocked, id=20292, stack(0x0000002026700000,0x0000002026800000) (1024K)]
  0x000001544e265fa0 JavaThread "Service Thread"             daemon [_thread_blocked, id=23928, stack(0x0000002026800000,0x0000002026900000) (1024K)]
  0x000001544e266b30 JavaThread "Monitor Deflation Thread"   daemon [_thread_blocked, id=7636, stack(0x0000002026900000,0x0000002026a00000) (1024K)]
=>0x000001544e269a00 JavaThread "C2 CompilerThread0"         daemon [_thread_in_native, id=4748, stack(0x0000002026a00000,0x0000002026b00000) (1024K)]
  0x000001544e28f690 JavaThread "C1 CompilerThread0"         daemon [_thread_in_vm, id=23088, stack(0x0000002026b00000,0x0000002026c00000) (1024K)]
  0x000001544e290430 JavaThread "C1 CompilerThread1"         daemon [_thread_in_native, id=4668, stack(0x0000002026c00000,0x0000002026d00000) (1024K)]
  0x000001544e28fd60 JavaThread "C1 CompilerThread2"         daemon [_thread_in_native, id=12720, stack(0x0000002026d00000,0x0000002026e00000) (1024K)]
  0x000001544e3c55f0 JavaThread "Common-Cleaner"             daemon [_thread_blocked, id=6420, stack(0x0000002026e00000,0x0000002026f00000) (1024K)]
  0x000001544e290b00 JavaThread "C1 CompilerThread3"         daemon [_thread_blocked, id=15136, stack(0x0000002026f00000,0x0000002027000000) (1024K)]
  0x00000154946dd4e0 JavaThread "Monitor Ctrl-Break"         daemon [_thread_in_native, id=20772, stack(0x0000002027400000,0x0000002027500000) (1024K)]
  0x00000154946ddb50 JavaThread "Notification Thread"        daemon [_thread_blocked, id=8580, stack(0x0000002027500000,0x0000002027600000) (1024K)]
  0x00000154941f5b60 JavaThread "QuantumRenderer-0"          daemon [_thread_in_native, id=4052, stack(0x0000002027600000,0x0000002027700000) (1024K)]
  0x0000015494a0bac0 JavaThread "InvokeLaterDispatcher"      daemon [_thread_blocked, id=3664, stack(0x0000002027100000,0x0000002027200000) (1024K)]
  0x0000015494792130 JavaThread "JavaFX Application Thread"         [_thread_in_native, id=18912, stack(0x0000002027200000,0x0000002027300000) (1024K)]
  0x000001549a1218b0 JavaThread "Thread-1"                   daemon [_thread_in_native, id=14216, stack(0x0000002028d00000,0x0000002028e00000) (1024K)]
  0x000001549a16ffa0 JavaThread "JavaFX-Launcher"                   [_thread_blocked, id=20584, stack(0x0000002028e00000,0x0000002028f00000) (1024K)]
  0x000001549a1a1d50 JavaThread "Thread-4"                          [_thread_in_native, id=6864, stack(0x0000002029500000,0x0000002029600000) (1024K)]
  0x000001549a1a23e0 JavaThread "Prism Font Disposer"        daemon [_thread_blocked, id=12004, stack(0x0000002029100000,0x0000002029200000) (1024K)]
  0x000001549a1a2a70 JavaThread "Cleaner-0"                  daemon [_thread_blocked, id=21216, stack(0x0000002028f00000,0x0000002029000000) (1024K)]
  0x000001549af49260 JavaThread "C2 CompilerThread1"         daemon [_thread_blocked, id=4532, stack(0x0000002029000000,0x0000002029100000) (1024K)]
  0x000001549af49930 JavaThread "C2 CompilerThread2"         daemon [_thread_blocked, id=3172, stack(0x0000002029c00000,0x0000002029d00000) (1024K)]
Total: 25

Other Threads:
  0x000001544d460520 VMThread "VM Thread"                           [id=3968, stack(0x0000002026300000,0x0000002026400000) (1024K)]
  0x000001544d446da0 WatcherThread "VM Periodic Task Thread"        [id=12540, stack(0x0000002026200000,0x0000002026300000) (1024K)]
  0x000001542e642670 WorkerThread "GC Thread#0"                     [id=20980, stack(0x0000002025d00000,0x0000002025e00000) (1024K)]
  0x000001549a0b4fe0 WorkerThread "GC Thread#1"                     [id=6512, stack(0x0000002027000000,0x0000002027100000) (1024K)]
  0x000001549a0b5380 WorkerThread "GC Thread#2"                     [id=4320, stack(0x0000002028900000,0x0000002028a00000) (1024K)]
  0x000001549a0b5720 WorkerThread "GC Thread#3"                     [id=6932, stack(0x0000002028a00000,0x0000002028b00000) (1024K)]
  0x000001549a0b5ac0 WorkerThread "GC Thread#4"                     [id=22688, stack(0x0000002028b00000,0x0000002028c00000) (1024K)]
  0x000001549a0b5e60 WorkerThread "GC Thread#5"                     [id=20156, stack(0x0000002028c00000,0x0000002028d00000) (1024K)]
  0x000001549a541bd0 WorkerThread "GC Thread#6"                     [id=2296, stack(0x0000002029600000,0x0000002029700000) (1024K)]
  0x000001549a5410f0 WorkerThread "GC Thread#7"                     [id=12708, stack(0x0000002029700000,0x0000002029800000) (1024K)]
  0x000001549a541490 WorkerThread "GC Thread#8"                     [id=3060, stack(0x0000002029800000,0x0000002029900000) (1024K)]
  0x000001549a542a50 WorkerThread "GC Thread#9"                     [id=23624, stack(0x0000002029900000,0x0000002029a00000) (1024K)]
  0x000001549a541830 WorkerThread "GC Thread#10"                    [id=14768, stack(0x0000002029a00000,0x0000002029b00000) (1024K)]
  0x000001549a489de0 WorkerThread "GC Thread#11"                    [id=19192, stack(0x0000002029b00000,0x0000002029c00000) (1024K)]
  0x000001542e692010 ConcurrentGCThread "G1 Main Marker"            [id=480, stack(0x0000002025e00000,0x0000002025f00000) (1024K)]
  0x000001542e693320 WorkerThread "G1 Conc#0"                       [id=24780, stack(0x0000002025f00000,0x0000002026000000) (1024K)]
  0x000001544d315660 ConcurrentGCThread "G1 Refine#0"               [id=13588, stack(0x0000002026000000,0x0000002026100000) (1024K)]
  0x000001544d317080 ConcurrentGCThread "G1 Service"                [id=9956, stack(0x0000002026100000,0x0000002026200000) (1024K)]
Total: 18

Threads with active compile tasks:
C2 CompilerThread0     3875 3409 %     4       com.sun.marlin.Renderer::_endRendering @ 787 (2639 bytes)
Total: 1

VM state: not at safepoint (normal execution)

VM Mutex/Monitor currently owned by a thread: None

Heap address: 0x0000000704400000, size: 4028 MB, Compressed Oops mode: Zero based, Oop shift amount: 3

CDS archive(s) mapped at: [0x000001544f000000-0x000001544fc90000-0x000001544fc90000), size 13172736, SharedBaseAddress: 0x000001544f000000, ArchiveRelocationMode: 1.
Compressed class space mapped at: 0x0000015450000000-0x0000015490000000, reserved size: 1073741824
Narrow klass base: 0x000001544f000000, Narrow klass shift: 0, Narrow klass range: 0x100000000

GC Precious Log:
 CardTable entry size: 512
 Card Set container configuration: InlinePtr #cards 4 size 8 Array Of Cards #cards 16 size 48 Howl #buckets 8 coarsen threshold 3686 Howl Bitmap #cards 512 size 80 coarsen threshold 460 Card regions per heap region 1 cards per card region 4096
 CPUs: 16 total, 16 available
 Memory: 16107M
 Large Page Support: Disabled
 NUMA Support: Disabled
 Compressed Oops: Enabled (Zero based)
 Heap Region Size: 2M
 Heap Min Capacity: 8M
 Heap Initial Capacity: 252M
 Heap Max Capacity: 4028M
 Pre-touch: Disabled
 Parallel Workers: 13
 Concurrent Workers: 3
 Concurrent Refinement Workers: 13
 Periodic GC: Disabled

Heap:
 garbage-first heap   total 258048K, used 23456K [0x0000000704400000, 0x0000000800000000)
  region size 2048K, 13 young (26624K), 4 survivors (8192K)
 Metaspace       used 17626K, committed 17984K, reserved 1114112K
  class space    used 2538K, committed 2688K, reserved 1048576K

Heap Regions: E=young(eden), S=young(survivor), O=old, HS=humongous(starts), HC=humongous(continues), CS=collection set, F=free, TAMS=top-at-mark-start, PB=parsable bottom
|   0|0x0000000704400000, 0x0000000704600000, 0x0000000704600000|100%|HS|  |TAMS 0x0000000704400000| PB 0x0000000704400000| Complete 
|   1|0x0000000704600000, 0x0000000704600000, 0x0000000704800000|  0%| F|  |TAMS 0x0000000704600000| PB 0x0000000704600000| Untracked 
|   2|0x0000000704800000, 0x0000000704800000, 0x0000000704a00000|  0%| F|  |TAMS 0x0000000704800000| PB 0x0000000704800000| Untracked 
|   3|0x0000000704a00000, 0x0000000704a00000, 0x0000000704c00000|  0%| F|  |TAMS 0x0000000704a00000| PB 0x0000000704a00000| Untracked 
|   4|0x0000000704c00000, 0x0000000704c00000, 0x0000000704e00000|  0%| F|  |TAMS 0x0000000704c00000| PB 0x0000000704c00000| Untracked 
|   5|0x0000000704e00000, 0x0000000704e00000, 0x0000000705000000|  0%| F|  |TAMS 0x0000000704e00000| PB 0x0000000704e00000| Untracked 
|   6|0x0000000705000000, 0x0000000705000000, 0x0000000705200000|  0%| F|  |TAMS 0x0000000705000000| PB 0x0000000705000000| Untracked 
|   7|0x0000000705200000, 0x0000000705200000, 0x0000000705400000|  0%| F|  |TAMS 0x0000000705200000| PB 0x0000000705200000| Untracked 
|   8|0x0000000705400000, 0x0000000705400000, 0x0000000705600000|  0%| F|  |TAMS 0x0000000705400000| PB 0x0000000705400000| Untracked 
|   9|0x0000000705600000, 0x0000000705600000, 0x0000000705800000|  0%| F|  |TAMS 0x0000000705600000| PB 0x0000000705600000| Untracked 
|  10|0x0000000705800000, 0x0000000705800000, 0x0000000705a00000|  0%| F|  |TAMS 0x0000000705800000| PB 0x0000000705800000| Untracked 
|  11|0x0000000705a00000, 0x0000000705a00000, 0x0000000705c00000|  0%| F|  |TAMS 0x0000000705a00000| PB 0x0000000705a00000| Untracked 
|  12|0x0000000705c00000, 0x0000000705c00000, 0x0000000705e00000|  0%| F|  |TAMS 0x0000000705c00000| PB 0x0000000705c00000| Untracked 
|  13|0x0000000705e00000, 0x0000000705e00000, 0x0000000706000000|  0%| F|  |TAMS 0x0000000705e00000| PB 0x0000000705e00000| Untracked 
|  14|0x0000000706000000, 0x0000000706000000, 0x0000000706200000|  0%| F|  |TAMS 0x0000000706000000| PB 0x0000000706000000| Untracked 
|  15|0x0000000706200000, 0x0000000706200000, 0x0000000706400000|  0%| F|  |TAMS 0x0000000706200000| PB 0x0000000706200000| Untracked 
|  16|0x0000000706400000, 0x0000000706400000, 0x0000000706600000|  0%| F|  |TAMS 0x0000000706400000| PB 0x0000000706400000| Untracked 
|  17|0x0000000706600000, 0x0000000706600000, 0x0000000706800000|  0%| F|  |TAMS 0x0000000706600000| PB 0x0000000706600000| Untracked 
|  18|0x0000000706800000, 0x0000000706800000, 0x0000000706a00000|  0%| F|  |TAMS 0x0000000706800000| PB 0x0000000706800000| Untracked 
|  19|0x0000000706a00000, 0x0000000706a00000, 0x0000000706c00000|  0%| F|  |TAMS 0x0000000706a00000| PB 0x0000000706a00000| Untracked 
|  20|0x0000000706c00000, 0x0000000706c00000, 0x0000000706e00000|  0%| F|  |TAMS 0x0000000706c00000| PB 0x0000000706c00000| Untracked 
|  21|0x0000000706e00000, 0x0000000706e00000, 0x0000000707000000|  0%| F|  |TAMS 0x0000000706e00000| PB 0x0000000706e00000| Untracked 
|  22|0x0000000707000000, 0x0000000707000000, 0x0000000707200000|  0%| F|  |TAMS 0x0000000707000000| PB 0x0000000707000000| Untracked 
|  23|0x0000000707200000, 0x0000000707200000, 0x0000000707400000|  0%| F|  |TAMS 0x0000000707200000| PB 0x0000000707200000| Untracked 
|  24|0x0000000707400000, 0x0000000707400000, 0x0000000707600000|  0%| F|  |TAMS 0x0000000707400000| PB 0x0000000707400000| Untracked 
|  25|0x0000000707600000, 0x0000000707600000, 0x0000000707800000|  0%| F|  |TAMS 0x0000000707600000| PB 0x0000000707600000| Untracked 
|  26|0x0000000707800000, 0x0000000707800000, 0x0000000707a00000|  0%| F|  |TAMS 0x0000000707800000| PB 0x0000000707800000| Untracked 
|  27|0x0000000707a00000, 0x0000000707a00000, 0x0000000707c00000|  0%| F|  |TAMS 0x0000000707a00000| PB 0x0000000707a00000| Untracked 
|  28|0x0000000707c00000, 0x0000000707c00000, 0x0000000707e00000|  0%| F|  |TAMS 0x0000000707c00000| PB 0x0000000707c00000| Untracked 
|  29|0x0000000707e00000, 0x0000000707e00000, 0x0000000708000000|  0%| F|  |TAMS 0x0000000707e00000| PB 0x0000000707e00000| Untracked 
|  30|0x0000000708000000, 0x0000000708000000, 0x0000000708200000|  0%| F|  |TAMS 0x0000000708000000| PB 0x0000000708000000| Untracked 
|  31|0x0000000708200000, 0x0000000708200000, 0x0000000708400000|  0%| F|  |TAMS 0x0000000708200000| PB 0x0000000708200000| Untracked 
|  32|0x0000000708400000, 0x0000000708400000, 0x0000000708600000|  0%| F|  |TAMS 0x0000000708400000| PB 0x0000000708400000| Untracked 
|  33|0x0000000708600000, 0x0000000708600000, 0x0000000708800000|  0%| F|  |TAMS 0x0000000708600000| PB 0x0000000708600000| Untracked 
|  34|0x0000000708800000, 0x0000000708800000, 0x0000000708a00000|  0%| F|  |TAMS 0x0000000708800000| PB 0x0000000708800000| Untracked 
|  35|0x0000000708a00000, 0x0000000708a00000, 0x0000000708c00000|  0%| F|  |TAMS 0x0000000708a00000| PB 0x0000000708a00000| Untracked 
|  36|0x0000000708c00000, 0x0000000708c00000, 0x0000000708e00000|  0%| F|  |TAMS 0x0000000708c00000| PB 0x0000000708c00000| Untracked 
|  37|0x0000000708e00000, 0x0000000708e00000, 0x0000000709000000|  0%| F|  |TAMS 0x0000000708e00000| PB 0x0000000708e00000| Untracked 
|  38|0x0000000709000000, 0x0000000709000000, 0x0000000709200000|  0%| F|  |TAMS 0x0000000709000000| PB 0x0000000709000000| Untracked 
|  39|0x0000000709200000, 0x0000000709200000, 0x0000000709400000|  0%| F|  |TAMS 0x0000000709200000| PB 0x0000000709200000| Untracked 
|  40|0x0000000709400000, 0x0000000709400000, 0x0000000709600000|  0%| F|  |TAMS 0x0000000709400000| PB 0x0000000709400000| Untracked 
|  41|0x0000000709600000, 0x0000000709600000, 0x0000000709800000|  0%| F|  |TAMS 0x0000000709600000| PB 0x0000000709600000| Untracked 
|  42|0x0000000709800000, 0x0000000709800000, 0x0000000709a00000|  0%| F|  |TAMS 0x0000000709800000| PB 0x0000000709800000| Untracked 
|  43|0x0000000709a00000, 0x0000000709a00000, 0x0000000709c00000|  0%| F|  |TAMS 0x0000000709a00000| PB 0x0000000709a00000| Untracked 
|  44|0x0000000709c00000, 0x0000000709c00000, 0x0000000709e00000|  0%| F|  |TAMS 0x0000000709c00000| PB 0x0000000709c00000| Untracked 
|  45|0x0000000709e00000, 0x0000000709e00000, 0x000000070a000000|  0%| F|  |TAMS 0x0000000709e00000| PB 0x0000000709e00000| Untracked 
|  46|0x000000070a000000, 0x000000070a000000, 0x000000070a200000|  0%| F|  |TAMS 0x000000070a000000| PB 0x000000070a000000| Untracked 
|  47|0x000000070a200000, 0x000000070a200000, 0x000000070a400000|  0%| F|  |TAMS 0x000000070a200000| PB 0x000000070a200000| Untracked 
|  48|0x000000070a400000, 0x000000070a400000, 0x000000070a600000|  0%| F|  |TAMS 0x000000070a400000| PB 0x000000070a400000| Untracked 
|  49|0x000000070a600000, 0x000000070a600000, 0x000000070a800000|  0%| F|  |TAMS 0x000000070a600000| PB 0x000000070a600000| Untracked 
|  50|0x000000070a800000, 0x000000070a800000, 0x000000070aa00000|  0%| F|  |TAMS 0x000000070a800000| PB 0x000000070a800000| Untracked 
|  51|0x000000070aa00000, 0x000000070aa00000, 0x000000070ac00000|  0%| F|  |TAMS 0x000000070aa00000| PB 0x000000070aa00000| Untracked 
|  52|0x000000070ac00000, 0x000000070ac00000, 0x000000070ae00000|  0%| F|  |TAMS 0x000000070ac00000| PB 0x000000070ac00000| Untracked 
|  53|0x000000070ae00000, 0x000000070ae00000, 0x000000070b000000|  0%| F|  |TAMS 0x000000070ae00000| PB 0x000000070ae00000| Untracked 
|  54|0x000000070b000000, 0x000000070b000000, 0x000000070b200000|  0%| F|  |TAMS 0x000000070b000000| PB 0x000000070b000000| Untracked 
|  55|0x000000070b200000, 0x000000070b200000, 0x000000070b400000|  0%| F|  |TAMS 0x000000070b200000| PB 0x000000070b200000| Untracked 
|  56|0x000000070b400000, 0x000000070b400000, 0x000000070b600000|  0%| F|  |TAMS 0x000000070b400000| PB 0x000000070b400000| Untracked 
|  57|0x000000070b600000, 0x000000070b600000, 0x000000070b800000|  0%| F|  |TAMS 0x000000070b600000| PB 0x000000070b600000| Untracked 
|  58|0x000000070b800000, 0x000000070b800000, 0x000000070ba00000|  0%| F|  |TAMS 0x000000070b800000| PB 0x000000070b800000| Untracked 
|  59|0x000000070ba00000, 0x000000070ba00000, 0x000000070bc00000|  0%| F|  |TAMS 0x000000070ba00000| PB 0x000000070ba00000| Untracked 
|  60|0x000000070bc00000, 0x000000070bc00000, 0x000000070be00000|  0%| F|  |TAMS 0x000000070bc00000| PB 0x000000070bc00000| Untracked 
|  61|0x000000070be00000, 0x000000070be00000, 0x000000070c000000|  0%| F|  |TAMS 0x000000070be00000| PB 0x000000070be00000| Untracked 
|  62|0x000000070c000000, 0x000000070c000000, 0x000000070c200000|  0%| F|  |TAMS 0x000000070c000000| PB 0x000000070c000000| Untracked 
|  63|0x000000070c200000, 0x000000070c200000, 0x000000070c400000|  0%| F|  |TAMS 0x000000070c200000| PB 0x000000070c200000| Untracked 
|  64|0x000000070c400000, 0x000000070c400000, 0x000000070c600000|  0%| F|  |TAMS 0x000000070c400000| PB 0x000000070c400000| Untracked 
|  65|0x000000070c600000, 0x000000070c600000, 0x000000070c800000|  0%| F|  |TAMS 0x000000070c600000| PB 0x000000070c600000| Untracked 
|  66|0x000000070c800000, 0x000000070c800000, 0x000000070ca00000|  0%| F|  |TAMS 0x000000070c800000| PB 0x000000070c800000| Untracked 
|  67|0x000000070ca00000, 0x000000070ca00000, 0x000000070cc00000|  0%| F|  |TAMS 0x000000070ca00000| PB 0x000000070ca00000| Untracked 
|  68|0x000000070cc00000, 0x000000070cc00000, 0x000000070ce00000|  0%| F|  |TAMS 0x000000070cc00000| PB 0x000000070cc00000| Untracked 
|  69|0x000000070ce00000, 0x000000070ce00000, 0x000000070d000000|  0%| F|  |TAMS 0x000000070ce00000| PB 0x000000070ce00000| Untracked 
|  70|0x000000070d000000, 0x000000070d000000, 0x000000070d200000|  0%| F|  |TAMS 0x000000070d000000| PB 0x000000070d000000| Untracked 
|  71|0x000000070d200000, 0x000000070d200000, 0x000000070d400000|  0%| F|  |TAMS 0x000000070d200000| PB 0x000000070d200000| Untracked 
|  72|0x000000070d400000, 0x000000070d400000, 0x000000070d600000|  0%| F|  |TAMS 0x000000070d400000| PB 0x000000070d400000| Untracked 
|  73|0x000000070d600000, 0x000000070d600000, 0x000000070d800000|  0%| F|  |TAMS 0x000000070d600000| PB 0x000000070d600000| Untracked 
|  74|0x000000070d800000, 0x000000070d800000, 0x000000070da00000|  0%| F|  |TAMS 0x000000070d800000| PB 0x000000070d800000| Untracked 
|  75|0x000000070da00000, 0x000000070da00000, 0x000000070dc00000|  0%| F|  |TAMS 0x000000070da00000| PB 0x000000070da00000| Untracked 
|  76|0x000000070dc00000, 0x000000070dc00000, 0x000000070de00000|  0%| F|  |TAMS 0x000000070dc00000| PB 0x000000070dc00000| Untracked 
|  77|0x000000070de00000, 0x000000070de00000, 0x000000070e000000|  0%| F|  |TAMS 0x000000070de00000| PB 0x000000070de00000| Untracked 
|  78|0x000000070e000000, 0x000000070e000000, 0x000000070e200000|  0%| F|  |TAMS 0x000000070e000000| PB 0x000000070e000000| Untracked 
|  79|0x000000070e200000, 0x000000070e200000, 0x000000070e400000|  0%| F|  |TAMS 0x000000070e200000| PB 0x000000070e200000| Untracked 
|  80|0x000000070e400000, 0x000000070e400000, 0x000000070e600000|  0%| F|  |TAMS 0x000000070e400000| PB 0x000000070e400000| Untracked 
|  81|0x000000070e600000, 0x000000070e600000, 0x000000070e800000|  0%| F|  |TAMS 0x000000070e600000| PB 0x000000070e600000| Untracked 
|  82|0x000000070e800000, 0x000000070e800000, 0x000000070ea00000|  0%| F|  |TAMS 0x000000070e800000| PB 0x000000070e800000| Untracked 
|  83|0x000000070ea00000, 0x000000070ea00000, 0x000000070ec00000|  0%| F|  |TAMS 0x000000070ea00000| PB 0x000000070ea00000| Untracked 
|  84|0x000000070ec00000, 0x000000070ec00000, 0x000000070ee00000|  0%| F|  |TAMS 0x000000070ec00000| PB 0x000000070ec00000| Untracked 
|  85|0x000000070ee00000, 0x000000070ee00000, 0x000000070f000000|  0%| F|  |TAMS 0x000000070ee00000| PB 0x000000070ee00000| Untracked 
|  86|0x000000070f000000, 0x000000070f000000, 0x000000070f200000|  0%| F|  |TAMS 0x000000070f000000| PB 0x000000070f000000| Untracked 
|  87|0x000000070f200000, 0x000000070f200000, 0x000000070f400000|  0%| F|  |TAMS 0x000000070f200000| PB 0x000000070f200000| Untracked 
|  88|0x000000070f400000, 0x000000070f400000, 0x000000070f600000|  0%| F|  |TAMS 0x000000070f400000| PB 0x000000070f400000| Untracked 
|  89|0x000000070f600000, 0x000000070f600000, 0x000000070f800000|  0%| F|  |TAMS 0x000000070f600000| PB 0x000000070f600000| Untracked 
|  90|0x000000070f800000, 0x000000070f800000, 0x000000070fa00000|  0%| F|  |TAMS 0x000000070f800000| PB 0x000000070f800000| Untracked 
|  91|0x000000070fa00000, 0x000000070fa00000, 0x000000070fc00000|  0%| F|  |TAMS 0x000000070fa00000| PB 0x000000070fa00000| Untracked 
|  92|0x000000070fc00000, 0x000000070fc00000, 0x000000070fe00000|  0%| F|  |TAMS 0x000000070fc00000| PB 0x000000070fc00000| Untracked 
|  93|0x000000070fe00000, 0x000000070fe00000, 0x0000000710000000|  0%| F|  |TAMS 0x000000070fe00000| PB 0x000000070fe00000| Untracked 
|  94|0x0000000710000000, 0x0000000710000000, 0x0000000710200000|  0%| F|  |TAMS 0x0000000710000000| PB 0x0000000710000000| Untracked 
|  95|0x0000000710200000, 0x0000000710200000, 0x0000000710400000|  0%| F|  |TAMS 0x0000000710200000| PB 0x0000000710200000| Untracked 
|  96|0x0000000710400000, 0x0000000710400000, 0x0000000710600000|  0%| F|  |TAMS 0x0000000710400000| PB 0x0000000710400000| Untracked 
|  97|0x0000000710600000, 0x00000007106e8200, 0x0000000710800000| 45%| S|CS|TAMS 0x0000000710600000| PB 0x0000000710600000| Complete 
|  98|0x0000000710800000, 0x0000000710a00000, 0x0000000710a00000|100%| S|CS|TAMS 0x0000000710800000| PB 0x0000000710800000| Complete 
|  99|0x0000000710a00000, 0x0000000710c00000, 0x0000000710c00000|100%| S|CS|TAMS 0x0000000710a00000| PB 0x0000000710a00000| Complete 
| 100|0x0000000710c00000, 0x0000000710e00000, 0x0000000710e00000|100%| S|CS|TAMS 0x0000000710c00000| PB 0x0000000710c00000| Complete 
| 101|0x0000000710e00000, 0x0000000710e00000, 0x0000000711000000|  0%| F|  |TAMS 0x0000000710e00000| PB 0x0000000710e00000| Untracked 
| 102|0x0000000711000000, 0x0000000711000000, 0x0000000711200000|  0%| F|  |TAMS 0x0000000711000000| PB 0x0000000711000000| Untracked 
| 103|0x0000000711200000, 0x0000000711200000, 0x0000000711400000|  0%| F|  |TAMS 0x0000000711200000| PB 0x0000000711200000| Untracked 
| 104|0x0000000711400000, 0x0000000711400000, 0x0000000711600000|  0%| F|  |TAMS 0x0000000711400000| PB 0x0000000711400000| Untracked 
| 105|0x0000000711600000, 0x0000000711600000, 0x0000000711800000|  0%| F|  |TAMS 0x0000000711600000| PB 0x0000000711600000| Untracked 
| 106|0x0000000711800000, 0x0000000711800000, 0x0000000711a00000|  0%| F|  |TAMS 0x0000000711800000| PB 0x0000000711800000| Untracked 
| 107|0x0000000711a00000, 0x0000000711a00000, 0x0000000711c00000|  0%| F|  |TAMS 0x0000000711a00000| PB 0x0000000711a00000| Untracked 
| 108|0x0000000711c00000, 0x0000000711c00000, 0x0000000711e00000|  0%| F|  |TAMS 0x0000000711c00000| PB 0x0000000711c00000| Untracked 
| 109|0x0000000711e00000, 0x0000000711e00000, 0x0000000712000000|  0%| F|  |TAMS 0x0000000711e00000| PB 0x0000000711e00000| Untracked 
| 110|0x0000000712000000, 0x0000000712000000, 0x0000000712200000|  0%| F|  |TAMS 0x0000000712000000| PB 0x0000000712000000| Untracked 
| 111|0x0000000712200000, 0x0000000712200000, 0x0000000712400000|  0%| F|  |TAMS 0x0000000712200000| PB 0x0000000712200000| Untracked 
| 112|0x0000000712400000, 0x0000000712400000, 0x0000000712600000|  0%| F|  |TAMS 0x0000000712400000| PB 0x0000000712400000| Untracked 
| 113|0x0000000712600000, 0x0000000712600000, 0x0000000712800000|  0%| F|  |TAMS 0x0000000712600000| PB 0x0000000712600000| Untracked 
| 114|0x0000000712800000, 0x0000000712800000, 0x0000000712a00000|  0%| F|  |TAMS 0x0000000712800000| PB 0x0000000712800000| Untracked 
| 115|0x0000000712a00000, 0x0000000712a00000, 0x0000000712c00000|  0%| F|  |TAMS 0x0000000712a00000| PB 0x0000000712a00000| Untracked 
| 116|0x0000000712c00000, 0x0000000712c00000, 0x0000000712e00000|  0%| F|  |TAMS 0x0000000712c00000| PB 0x0000000712c00000| Untracked 
| 117|0x0000000712e00000, 0x0000000712f61af0, 0x0000000713000000| 69%| E|  |TAMS 0x0000000712e00000| PB 0x0000000712e00000| Complete 
| 118|0x0000000713000000, 0x0000000713200000, 0x0000000713200000|100%| E|CS|TAMS 0x0000000713000000| PB 0x0000000713000000| Complete 
| 119|0x0000000713200000, 0x0000000713400000, 0x0000000713400000|100%| E|CS|TAMS 0x0000000713200000| PB 0x0000000713200000| Complete 
| 120|0x0000000713400000, 0x0000000713600000, 0x0000000713600000|100%| E|CS|TAMS 0x0000000713400000| PB 0x0000000713400000| Complete 
| 121|0x0000000713600000, 0x0000000713800000, 0x0000000713800000|100%| E|CS|TAMS 0x0000000713600000| PB 0x0000000713600000| Complete 
| 122|0x0000000713800000, 0x0000000713a00000, 0x0000000713a00000|100%| E|CS|TAMS 0x0000000713800000| PB 0x0000000713800000| Complete 
| 123|0x0000000713a00000, 0x0000000713c00000, 0x0000000713c00000|100%| E|CS|TAMS 0x0000000713a00000| PB 0x0000000713a00000| Complete 
| 124|0x0000000713c00000, 0x0000000713e00000, 0x0000000713e00000|100%| E|  |TAMS 0x0000000713c00000| PB 0x0000000713c00000| Complete 
| 125|0x0000000713e00000, 0x0000000714000000, 0x0000000714000000|100%| E|CS|TAMS 0x0000000713e00000| PB 0x0000000713e00000| Complete 

Card table byte_map: [0x0000015446a90000,0x0000015447270000] _byte_map_base: 0x000001544326e000

Marking Bits: (CMBitMap*) 0x000001542e642d70
 Bits: [0x0000015447270000, 0x000001544b160000)

Polling page: 0x000001542c2c0000

Metaspace:

Usage:
  Non-class:     14.73 MB used.
      Class:      2.48 MB used.
       Both:     17.21 MB used.

Virtual space:
  Non-class space:       64.00 MB reserved,      14.94 MB ( 23%) committed,  1 nodes.
      Class space:        1.00 GB reserved,       2.62 MB ( <1%) committed,  1 nodes.
             Both:        1.06 GB reserved,      17.56 MB (  2%) committed. 

Chunk freelists:
   Non-Class:  560.00 KB
       Class:  13.32 MB
        Both:  13.87 MB

MaxMetaspaceSize: unlimited
CompressedClassSpaceSize: 1.00 GB
Initial GC threshold: 21.00 MB
Current GC threshold: 21.00 MB
CDS: on
 - commit_granule_bytes: 65536.
 - commit_granule_words: 8192.
 - virtual_space_node_default_size: 8388608.
 - enlarge_chunks_in_place: 1.
 - use_allocation_guard: 0.


Internal statistics:

num_allocs_failed_limit: 0.
num_arena_births: 398.
num_arena_deaths: 0.
num_vsnodes_births: 2.
num_vsnodes_deaths: 0.
num_space_committed: 281.
num_space_uncommitted: 0.
num_chunks_returned_to_freelist: 0.
num_chunks_taken_from_freelist: 1002.
num_chunk_merges: 0.
num_chunk_splits: 668.
num_chunks_enlarged: 476.
num_inconsistent_stats: 0.

CodeHeap 'non-profiled nmethods': size=119168Kb used=1216Kb max_used=1216Kb free=117951Kb
 bounds [0x000001543e5d0000, 0x000001543e840000, 0x0000015445a30000]
CodeHeap 'profiled nmethods': size=119104Kb used=6856Kb max_used=6856Kb free=112247Kb
 bounds [0x0000015436a30000, 0x00000154370f0000, 0x000001543de80000]
CodeHeap 'non-nmethods': size=7488Kb used=3499Kb max_used=3523Kb free=3988Kb
 bounds [0x000001543de80000, 0x000001543e200000, 0x000001543e5d0000]
 total_blobs=4283 nmethods=3461 adapters=723
 compilation: enabled
              stopped_count=0, restarted_count=0
 full_count=0

Compilation events (20 events):
Event: 3.805 Thread 0x000001544e290b00 3412       3       com.sun.javafx.geom.BoxBounds::deriveWithNewBounds (95 bytes)
Event: 3.805 Thread 0x000001544e290b00 nmethod 3412 0x00000154370c3590 code [0x00000154370c3820, 0x00000154370c4298]
Event: 3.805 Thread 0x000001544e290b00 3413       3       javafx.beans.property.BooleanPropertyBase::set (76 bytes)
Event: 3.806 Thread 0x000001544e290b00 nmethod 3413 0x00000154370c4490 code [0x00000154370c4700, 0x00000154370c51c8]
Event: 3.807 Thread 0x000001544e290b00 3416       1       com.sun.prism.impl.BaseGraphics::getFinalClipNoClone (5 bytes)
Event: 3.807 Thread 0x000001544e28fd60 3417       1       com.sun.prism.impl.shape.MaskData::getMaskBuffer (5 bytes)
Event: 3.807 Thread 0x000001544e290b00 nmethod 3416 0x000001543e6fc290 code [0x000001543e6fc420, 0x000001543e6fc4f0]
Event: 3.807 Thread 0x000001544e28fd60 nmethod 3417 0x000001543e6fc590 code [0x000001543e6fc720, 0x000001543e6fc7f0]
Event: 3.822 Thread 0x000001544e28f690 3418       3       com.sun.marlin.Renderer::curveTo (84 bytes)
Event: 3.822 Thread 0x000001544e290430 3419       3       com.sun.marlin.Curve::set (153 bytes)
Event: 3.822 Thread 0x000001544e290b00 3420       3       com.sun.marlin.Renderer::curveBreakIntoLinesAndAdd (485 bytes)
Event: 3.823 Thread 0x000001544e290430 nmethod 3419 0x00000154370c5490 code [0x00000154370c56a0, 0x00000154370c5850]
Event: 3.823 Thread 0x000001544e28f690 nmethod 3418 0x00000154370c5910 code [0x00000154370c5ba0, 0x00000154370c6058]
Event: 3.823 Thread 0x000001544e290b00 nmethod 3420 0x00000154370c6410 code [0x00000154370c67a0, 0x00000154370c6f38]
Event: 3.839 Thread 0x000001544e28f690 3421       3       com.sun.javafx.geom.Rectangle::<init> (10 bytes)
Event: 3.839 Thread 0x000001544e28f690 nmethod 3421 0x00000154370c7310 code [0x00000154370c74c0, 0x00000154370c7670]
Event: 3.840 Thread 0x000001544e28f690 3422       3       javafx.application.Platform::isSupported (5 bytes)
Event: 3.840 Thread 0x000001544e28f690 nmethod 3422 0x00000154370c7790 code [0x00000154370c7940, 0x00000154370c7a58]
Event: 3.841 Thread 0x000001544e28f690 3423       3       com.sun.prism.impl.ps.BaseShaderGraphics::checkInnerCurvature (60 bytes)
Event: 3.842 Thread 0x000001544e28f690 nmethod 3423 0x00000154370c7b10 code [0x00000154370c7d00, 0x00000154370c8110]

GC Heap History (4 events):
Event: 0.728 GC heap before
{Heap before GC invocations=0 (full 0):
 garbage-first heap   total 258048K, used 22528K [0x0000000704400000, 0x0000000800000000)
  region size 2048K, 11 young (22528K), 0 survivors (0K)
 Metaspace       used 4343K, committed 4544K, reserved 1114112K
  class space    used 456K, committed 576K, reserved 1048576K
}
Event: 0.732 GC heap after
{Heap after GC invocations=1 (full 0):
 garbage-first heap   total 258048K, used 2602K [0x0000000704400000, 0x0000000800000000)
  region size 2048K, 2 young (4096K), 2 survivors (4096K)
 Metaspace       used 4343K, committed 4544K, reserved 1114112K
  class space    used 456K, committed 576K, reserved 1048576K
}
Event: 1.527 GC heap before
{Heap before GC invocations=1 (full 0):
 garbage-first heap   total 258048K, used 47658K [0x0000000704400000, 0x0000000800000000)
  region size 2048K, 25 young (51200K), 2 survivors (4096K)
 Metaspace       used 14767K, committed 15104K, reserved 1114112K
  class space    used 2278K, committed 2432K, reserved 1048576K
}
Event: 1.537 GC heap after
{Heap after GC invocations=2 (full 0):
 garbage-first heap   total 258048K, used 7072K [0x0000000704400000, 0x0000000800000000)
  region size 2048K, 4 young (8192K), 4 survivors (8192K)
 Metaspace       used 14767K, committed 15104K, reserved 1114112K
  class space    used 2278K, committed 2432K, reserved 1048576K
}

Dll operation events (20 events):
Event: 0.417 Loaded shared library C:\Users\ducp4\.openjfx\cache\21+31\amd64\api-ms-win-crt-locale-l1-1-0.dll
Event: 0.419 Loaded shared library C:\Users\ducp4\.openjfx\cache\21+31\amd64\api-ms-win-crt-math-l1-1-0.dll
Event: 0.422 Loaded shared library C:\Users\ducp4\.openjfx\cache\21+31\amd64\api-ms-win-crt-multibyte-l1-1-0.dll
Event: 0.425 Loaded shared library C:\Users\ducp4\.openjfx\cache\21+31\amd64\api-ms-win-crt-private-l1-1-0.dll
Event: 0.429 Loaded shared library C:\Users\ducp4\.openjfx\cache\21+31\amd64\api-ms-win-crt-process-l1-1-0.dll
Event: 0.432 Loaded shared library C:\Users\ducp4\.openjfx\cache\21+31\amd64\api-ms-win-crt-runtime-l1-1-0.dll
Event: 0.437 Loaded shared library C:\Users\ducp4\.openjfx\cache\21+31\amd64\api-ms-win-crt-stdio-l1-1-0.dll
Event: 0.440 Loaded shared library C:\Users\ducp4\.openjfx\cache\21+31\amd64\api-ms-win-crt-string-l1-1-0.dll
Event: 0.443 Loaded shared library C:\Users\ducp4\.openjfx\cache\21+31\amd64\api-ms-win-crt-time-l1-1-0.dll
Event: 0.446 Loaded shared library C:\Users\ducp4\.openjfx\cache\21+31\amd64\api-ms-win-crt-utility-l1-1-0.dll
Event: 0.465 Loaded shared library C:\Users\ducp4\.openjfx\cache\21+31\amd64\ucrtbase.dll
Event: 0.470 Loaded shared library C:\Users\ducp4\.openjfx\cache\21+31\amd64\vcruntime140.dll
Event: 0.474 Loaded shared library C:\Users\ducp4\.openjfx\cache\21+31\amd64\vcruntime140_1.dll
Event: 0.484 Loaded shared library C:\Users\ducp4\.openjfx\cache\21+31\amd64\msvcp140.dll
Event: 0.488 Loaded shared library C:\Users\ducp4\.openjfx\cache\21+31\amd64\msvcp140_1.dll
Event: 0.494 Loaded shared library C:\Users\ducp4\.openjfx\cache\21+31\amd64\msvcp140_2.dll
Event: 0.531 Loaded shared library C:\Users\ducp4\.openjfx\cache\21+31\amd64\prism_d3d.dll
Event: 0.611 Loaded shared library C:\Users\ducp4\.openjfx\cache\21+31\amd64\glass.dll
Event: 0.777 Loaded shared library C:\Program Files\Java\jdk-21\bin\jimage.dll
Event: 0.958 Loaded shared library C:\Users\ducp4\.openjfx\cache\21+31\amd64\javafx_font.dll

Deoptimization events (20 events):
Event: 3.086 Thread 0x0000015494792130 DEOPT PACKING pc=0x000001543e6ddf88 sp=0x00000020272fdf80
Event: 3.086 Thread 0x0000015494792130 DEOPT UNPACKING pc=0x000001543ded46a2 sp=0x00000020272fded0 mode 2
Event: 3.191 Thread 0x00000154941f5b60 DEOPT PACKING pc=0x0000015436ed665a sp=0x00000020276fd580
Event: 3.191 Thread 0x00000154941f5b60 DEOPT UNPACKING pc=0x000001543ded4e42 sp=0x00000020276fca30 mode 0
Event: 3.805 Thread 0x00000154941f5b60 Uncommon trap: trap_request=0xffffffd6 fr.pc=0x000001543e6fb6f4 relative=0x00000000000004f4
Event: 3.805 Thread 0x00000154941f5b60 Uncommon trap: reason=array_check action=maybe_recompile pc=0x000001543e6fb6f4 method=com.sun.prism.impl.ps.BaseShaderContext.setTexture(ILcom/sun/prism/Texture;)V @ 50 c2
Event: 3.805 Thread 0x00000154941f5b60 DEOPT PACKING pc=0x000001543e6fb6f4 sp=0x00000020276fe480
Event: 3.805 Thread 0x00000154941f5b60 DEOPT UNPACKING pc=0x000001543ded46a2 sp=0x00000020276fe458 mode 2
Event: 3.805 Thread 0x00000154941f5b60 Uncommon trap: trap_request=0xffffffd6 fr.pc=0x000001543e6fb6f4 relative=0x00000000000004f4
Event: 3.805 Thread 0x00000154941f5b60 Uncommon trap: reason=array_check action=maybe_recompile pc=0x000001543e6fb6f4 method=com.sun.prism.impl.ps.BaseShaderContext.setTexture(ILcom/sun/prism/Texture;)V @ 50 c2
Event: 3.805 Thread 0x00000154941f5b60 DEOPT PACKING pc=0x000001543e6fb6f4 sp=0x00000020276fd940
Event: 3.805 Thread 0x00000154941f5b60 DEOPT UNPACKING pc=0x000001543ded46a2 sp=0x00000020276fd918 mode 2
Event: 3.805 Thread 0x00000154941f5b60 Uncommon trap: trap_request=0xffffffd6 fr.pc=0x000001543e6fb6f4 relative=0x00000000000004f4
Event: 3.805 Thread 0x00000154941f5b60 Uncommon trap: reason=array_check action=maybe_recompile pc=0x000001543e6fb6f4 method=com.sun.prism.impl.ps.BaseShaderContext.setTexture(ILcom/sun/prism/Texture;)V @ 50 c2
Event: 3.805 Thread 0x00000154941f5b60 DEOPT PACKING pc=0x000001543e6fb6f4 sp=0x00000020276fc950
Event: 3.805 Thread 0x00000154941f5b60 DEOPT UNPACKING pc=0x000001543ded46a2 sp=0x00000020276fc928 mode 2
Event: 3.805 Thread 0x00000154941f5b60 Uncommon trap: trap_request=0xffffffd6 fr.pc=0x000001543e6fb6f4 relative=0x00000000000004f4
Event: 3.805 Thread 0x00000154941f5b60 Uncommon trap: reason=array_check action=maybe_recompile pc=0x000001543e6fb6f4 method=com.sun.prism.impl.ps.BaseShaderContext.setTexture(ILcom/sun/prism/Texture;)V @ 50 c2
Event: 3.805 Thread 0x00000154941f5b60 DEOPT PACKING pc=0x000001543e6fb6f4 sp=0x00000020276fca60
Event: 3.805 Thread 0x00000154941f5b60 DEOPT UNPACKING pc=0x000001543ded46a2 sp=0x00000020276fca38 mode 2

Classes loaded (20 events):
Event: 2.003 Loading class sun/misc/Unsafe
Event: 2.004 Loading class sun/misc/Unsafe done
Event: 2.004 Loading class java/lang/invoke/DirectMethodHandle$StaticAccessor
Event: 2.004 Loading class java/lang/invoke/DirectMethodHandle$StaticAccessor done
Event: 2.037 Loading class java/lang/FdLibm$Atan2
Event: 2.037 Loading class java/lang/FdLibm$Atan2 done
Event: 2.656 Loading class java/io/UnsupportedEncodingException
Event: 2.656 Loading class java/io/UnsupportedEncodingException done
Event: 3.418 Loading class java/util/Formatter$FixedString
Event: 3.418 Loading class java/util/Formatter$FixedString done
Event: 3.421 Loading class java/lang/reflect/WildcardType
Event: 3.421 Loading class java/lang/reflect/WildcardType done
Event: 3.424 Loading class sun/reflect/generics/repository/FieldRepository
Event: 3.424 Loading class sun/reflect/generics/repository/FieldRepository done
Event: 3.424 Loading class sun/reflect/misc/ReflectUtil
Event: 3.424 Loading class sun/reflect/misc/ReflectUtil done
Event: 3.425 Loading class jdk/internal/reflect/MethodHandleIntegerFieldAccessorImpl
Event: 3.425 Loading class jdk/internal/reflect/MethodHandleIntegerFieldAccessorImpl done
Event: 3.657 Loading class jdk/internal/vm/annotation/ForceInline
Event: 3.657 Loading class jdk/internal/vm/annotation/ForceInline done

Classes unloaded (0 events):
No events

Classes redefined (0 events):
No events

Internal exceptions (20 events):
Event: 1.604 Thread 0x0000015494792130 Exception <a 'java/io/FileNotFoundException'{0x0000000713fe3da0}> (0x0000000713fe3da0) 
thrown [s\open\src\hotspot\share\prims\jni.cpp, line 520]
Event: 1.611 Thread 0x0000015494792130 Exception <a 'java/io/FileNotFoundException'{0x0000000713ffcd60}> (0x0000000713ffcd60) 
thrown [s\open\src\hotspot\share\prims\jni.cpp, line 520]
Event: 1.611 Thread 0x0000015494792130 Exception <a 'java/io/FileNotFoundException'{0x0000000713ffe198}> (0x0000000713ffe198) 
thrown [s\open\src\hotspot\share\prims\jni.cpp, line 520]
Event: 1.615 Thread 0x0000015494792130 Exception <a 'java/io/FileNotFoundException'{0x0000000713c074b0}> (0x0000000713c074b0) 
thrown [s\open\src\hotspot\share\prims\jni.cpp, line 520]
Event: 1.616 Thread 0x0000015494792130 Exception <a 'java/io/FileNotFoundException'{0x0000000713c088a0}> (0x0000000713c088a0) 
thrown [s\open\src\hotspot\share\prims\jni.cpp, line 520]
Event: 1.616 Thread 0x0000015494792130 Exception <a 'java/io/FileNotFoundException'{0x0000000713c09ca0}> (0x0000000713c09ca0) 
thrown [s\open\src\hotspot\share\prims\jni.cpp, line 520]
Event: 1.622 Thread 0x0000015494792130 Exception <a 'java/io/FileNotFoundException'{0x0000000713c51548}> (0x0000000713c51548) 
thrown [s\open\src\hotspot\share\prims\jni.cpp, line 520]
Event: 1.622 Thread 0x0000015494792130 Exception <a 'java/io/FileNotFoundException'{0x0000000713c528e8}> (0x0000000713c528e8) 
thrown [s\open\src\hotspot\share\prims\jni.cpp, line 520]
Event: 1.624 Thread 0x0000015494792130 Exception <a 'java/io/FileNotFoundException'{0x0000000713c73138}> (0x0000000713c73138) 
thrown [s\open\src\hotspot\share\prims\jni.cpp, line 520]
Event: 1.624 Thread 0x0000015494792130 Exception <a 'java/io/FileNotFoundException'{0x0000000713c744d8}> (0x0000000713c744d8) 
thrown [s\open\src\hotspot\share\prims\jni.cpp, line 520]
Event: 1.636 Thread 0x0000015494792130 Exception <a 'java/lang/NoSuchMethodError'{0x0000000713a42308}: 'int java.lang.invoke.DirectMethodHandle$Holder.invokeSpecial(java.lang.Object, java.lang.Object, int)'> (0x0000000713a42308) 
thrown [s\open\src\hotspot\share\interpreter\linkResolver.cpp, line 773]
Event: 1.677 Thread 0x0000015494792130 Exception <a 'java/lang/NoSuchMethodError'{0x0000000713afe0d8}: 'java.lang.Object java.lang.invoke.DirectMethodHandle$Holder.newInvokeSpecial(java.lang.Object, java.lang.Object, int)'> (0x0000000713afe0d8) 
thrown [s\open\src\hotspot\share\interpreter\linkResolver.cpp, line 773]
Event: 1.733 Thread 0x0000015494792130 Exception <a 'java/lang/NoSuchMethodError'{0x0000000713b2f4d8}: 'long java.lang.invoke.DirectMethodHandle$Holder.invokeStatic(java.lang.Object, java.lang.Object, java.lang.Object)'> (0x0000000713b2f4d8) 
thrown [s\open\src\hotspot\share\interpreter\linkResolver.cpp, line 773]
Event: 1.733 Thread 0x0000015494792130 Exception <a 'java/lang/NoSuchMethodError'{0x0000000713b328a8}: 'long java.lang.invoke.DirectMethodHandle$Holder.invokeStaticInit(java.lang.Object, java.lang.Object, java.lang.Object)'> (0x0000000713b328a8) 
thrown [s\open\src\hotspot\share\interpreter\linkResolver.cpp, line 773]
Event: 1.735 Thread 0x0000015494792130 Exception <a 'java/lang/NoSuchMethodError'{0x0000000713b9c490}: 'java.lang.Object java.lang.invoke.DirectMethodHandle$Holder.newInvokeSpecial(java.lang.Object, java.lang.Object, long)'> (0x0000000713b9c490) 
thrown [s\open\src\hotspot\share\interpreter\linkResolver.cpp, line 773]
Event: 1.735 Thread 0x0000015494792130 Exception <a 'java/lang/NoSuchMethodError'{0x0000000713b9fd88}: 'java.lang.Object java.lang.invoke.Invokers$Holder.linkToTargetMethod(java.lang.Object, long, java.lang.Object)'> (0x0000000713b9fd88) 
thrown [s\open\src\hotspot\share\interpreter\linkResolver.cpp, line 773]
Event: 1.780 Thread 0x00000154941f5b60 Exception <a 'java/lang/NoSuchMethodError'{0x00000007138b0e10}: 'int java.lang.invoke.DirectMethodHandle$Holder.invokeStaticInit(java.lang.Object, java.lang.Object)'> (0x00000007138b0e10) 
thrown [s\open\src\hotspot\share\interpreter\linkResolver.cpp, line 773]
Event: 1.928 Thread 0x00000154941f5b60 Exception <a 'java/lang/NoSuchMethodError'{0x000000071364cb98}: 'java.lang.Object java.lang.invoke.DirectMethodHandle$Holder.invokeStaticInit(java.lang.Object, int)'> (0x000000071364cb98) 
thrown [s\open\src\hotspot\share\interpreter\linkResolver.cpp, line 773]
Event: 3.425 Thread 0x0000015494792130 Exception <a 'java/lang/NoSuchMethodError'{0x0000000713132068}: 'int java.lang.invoke.Invokers$Holder.invokeExact_MT(java.lang.Object, java.lang.Object, java.lang.Object)'> (0x0000000713132068) 
thrown [s\open\src\hotspot\share\interpreter\linkResolver.cpp, line 773]
Event: 3.660 Thread 0x000001549a1a1d50 Exception <a 'java/lang/NoSuchMethodError'{0x0000000712e42920}: 'void java.lang.invoke.Invokers$Holder.invokeExact_MT(java.lang.Object, java.lang.Object, int, java.lang.Object)'> (0x0000000712e42920) 
thrown [s\open\src\hotspot\share\interpreter\linkResolver.cpp, line 773]

ZGC Phase Switch (0 events):
No events

VM Operations (20 events):
Event: 0.915 Executing VM operation: HandshakeAllThreads (Deoptimize)
Event: 0.915 Executing VM operation: HandshakeAllThreads (Deoptimize) done
Event: 0.963 Executing VM operation: HandshakeAllThreads (Deoptimize)
Event: 0.963 Executing VM operation: HandshakeAllThreads (Deoptimize) done
Event: 1.114 Executing VM operation: ICBufferFull
Event: 1.114 Executing VM operation: ICBufferFull done
Event: 1.466 Executing VM operation: ICBufferFull
Event: 1.467 Executing VM operation: ICBufferFull done
Event: 1.471 Executing VM operation: HandshakeAllThreads (Deoptimize)
Event: 1.472 Executing VM operation: HandshakeAllThreads (Deoptimize) done
Event: 1.527 Executing VM operation: G1CollectForAllocation (G1 Evacuation Pause)
Event: 1.537 Executing VM operation: G1CollectForAllocation (G1 Evacuation Pause) done
Event: 1.556 Executing VM operation: HandshakeAllThreads (Deoptimize)
Event: 1.556 Executing VM operation: HandshakeAllThreads (Deoptimize) done
Event: 2.293 Executing VM operation: ICBufferFull
Event: 2.293 Executing VM operation: ICBufferFull done
Event: 3.293 Executing VM operation: Cleanup
Event: 3.293 Executing VM operation: Cleanup done
Event: 3.417 Executing VM operation: HandshakeAllThreads (Deoptimize)
Event: 3.418 Executing VM operation: HandshakeAllThreads (Deoptimize) done

Events (20 events):
Event: 0.520 Thread 0x00000154941f5b60 Thread added: 0x00000154941f5b60
Event: 0.612 Thread 0x000001544e28db50 Thread exited: 0x000001544e28db50
Event: 0.612 Thread 0x000001544e28efc0 Thread exited: 0x000001544e28efc0
Event: 0.612 Thread 0x000001544e28e220 Thread exited: 0x000001544e28e220
Event: 0.613 Thread 0x0000015494a0bac0 Thread added: 0x0000015494a0bac0
Event: 0.617 Thread 0x0000015494792130 Thread added: 0x0000015494792130
Event: 0.721 Thread 0x000001544e28d480 Thread exited: 0x000001544e28d480
Event: 0.748 Thread 0x000001549a1218b0 Thread added: 0x000001549a1218b0
Event: 0.751 Thread 0x000001549a16ffa0 Thread added: 0x000001549a16ffa0
Event: 0.976 Thread 0x000001544e28d480 Thread added: 0x000001544e28d480
Event: 0.976 Thread 0x000001544e28e220 Thread added: 0x000001544e28e220
Event: 1.130 Thread 0x000001549a1a1030 Thread added: 0x000001549a1a1030
Event: 1.255 Thread 0x000001549a1a1d50 Thread added: 0x000001549a1a1d50
Event: 1.257 Thread 0x000001549a1a1030 Thread exited: 0x000001549a1a1030
Event: 1.333 Thread 0x000001549a1a23e0 Thread added: 0x000001549a1a23e0
Event: 1.777 Thread 0x000001544e28e220 Thread exited: 0x000001544e28e220
Event: 1.777 Thread 0x000001544e28d480 Thread exited: 0x000001544e28d480
Event: 1.996 Thread 0x000001549a1a2a70 Thread added: 0x000001549a1a2a70
Event: 2.057 Thread 0x000001544e28d480 Thread added: 0x000001544e28d480
Event: 2.224 Thread 0x000001544e28d480 Thread exited: 0x000001544e28d480


Dynamic libraries:
0x00007ff609780000 - 0x00007ff609790000 	C:\Program Files\Java\jdk-21\bin\java.exe
0x00007ffa6aac0000 - 0x00007ffa6ad28000 	C:\WINDOWS\SYSTEM32\ntdll.dll
0x00007ffa697b0000 - 0x00007ffa69879000 	C:\WINDOWS\System32\KERNEL32.DLL
0x00007ffa68110000 - 0x00007ffa68508000 	C:\WINDOWS\System32\KERNELBASE.dll
0x00007ffa67c10000 - 0x00007ffa67d5b000 	C:\WINDOWS\System32\ucrtbase.dll
0x00007ffa50510000 - 0x00007ffa50529000 	C:\Program Files\Java\jdk-21\bin\jli.dll
0x00007ffa6a530000 - 0x00007ffa6a5e4000 	C:\WINDOWS\System32\ADVAPI32.dll
0x00007ffa50600000 - 0x00007ffa5061b000 	C:\Program Files\Java\jdk-21\bin\VCRUNTIME140.dll
0x00007ffa69880000 - 0x00007ffa69929000 	C:\WINDOWS\System32\msvcrt.dll
0x00007ffa6a480000 - 0x00007ffa6a526000 	C:\WINDOWS\System32\sechost.dll
0x00007ffa6a330000 - 0x00007ffa6a448000 	C:\WINDOWS\System32\RPCRT4.dll
0x00007ffa69f00000 - 0x00007ffa6a0c7000 	C:\WINDOWS\System32\USER32.dll
0x00007ffa67f90000 - 0x00007ffa67fb7000 	C:\WINDOWS\System32\win32u.dll
0x00007ffa49c20000 - 0x00007ffa49eb4000 	C:\WINDOWS\WinSxS\amd64_microsoft.windows.common-controls_6595b64144ccf1df_6.0.26100.7019_none_3e06ffa0e335b8a8\COMCTL32.dll
0x00007ffa6aa40000 - 0x00007ffa6aa6b000 	C:\WINDOWS\System32\GDI32.dll
0x00007ffa68730000 - 0x00007ffa6885c000 	C:\WINDOWS\System32\gdi32full.dll
0x00007ffa68510000 - 0x00007ffa685b3000 	C:\WINDOWS\System32\msvcp_win.dll
0x00007ffa5e930000 - 0x00007ffa5e93b000 	C:\WINDOWS\SYSTEM32\VERSION.dll
0x00007ffa68860000 - 0x00007ffa68891000 	C:\WINDOWS\System32\IMM32.DLL
0x00007ffa505a0000 - 0x00007ffa505ac000 	C:\Program Files\Java\jdk-21\bin\vcruntime140_1.dll
0x00007ffa4c510000 - 0x00007ffa4c59e000 	C:\Program Files\Java\jdk-21\bin\msvcp140.dll
0x00007ff9cbe90000 - 0x00007ff9ccba5000 	C:\Program Files\Java\jdk-21\bin\server\jvm.dll
0x00007ffa69e80000 - 0x00007ffa69ef4000 	C:\WINDOWS\System32\WS2_32.dll
0x00007ffa67a70000 - 0x00007ffa67ace000 	C:\WINDOWS\SYSTEM32\POWRPROF.dll
0x00007ffa5f290000 - 0x00007ffa5f2c5000 	C:\WINDOWS\SYSTEM32\WINMM.dll
0x00007ffa67a50000 - 0x00007ffa67a64000 	C:\WINDOWS\SYSTEM32\UMPDC.dll
0x00007ffa669d0000 - 0x00007ffa669eb000 	C:\WINDOWS\SYSTEM32\kernel.appcore.dll
0x00007ffa4c8c0000 - 0x00007ffa4c8ca000 	C:\Program Files\Java\jdk-21\bin\jimage.dll
0x00007ffa64890000 - 0x00007ffa64ad2000 	C:\WINDOWS\SYSTEM32\DBGHELP.DLL
0x00007ffa6a620000 - 0x00007ffa6a9ab000 	C:\WINDOWS\System32\combase.dll
0x00007ffa6a0d0000 - 0x00007ffa6a1a7000 	C:\WINDOWS\System32\OLEAUT32.dll
0x00007ffa42730000 - 0x00007ffa4276c000 	C:\WINDOWS\SYSTEM32\dbgcore.DLL
0x00007ffa67ee0000 - 0x00007ffa67f85000 	C:\WINDOWS\System32\bcryptPrimitives.dll
0x00007ffa646d0000 - 0x00007ffa646df000 	C:\Program Files\Java\jdk-21\bin\instrument.dll
0x00007ffa4c4f0000 - 0x00007ffa4c50f000 	C:\Program Files\Java\jdk-21\bin\java.dll
0x00007ffa69050000 - 0x00007ffa6979f000 	C:\WINDOWS\System32\SHELL32.dll
0x00007ffa685c0000 - 0x00007ffa6872b000 	C:\WINDOWS\System32\wintypes.dll
0x00007ffa65850000 - 0x00007ffa660ad000 	C:\WINDOWS\SYSTEM32\windows.storage.dll
0x00007ffa6a220000 - 0x00007ffa6a312000 	C:\WINDOWS\System32\SHCORE.dll
0x00007ffa69e10000 - 0x00007ffa69e77000 	C:\WINDOWS\System32\shlwapi.dll
0x00007ffa67b30000 - 0x00007ffa67b59000 	C:\WINDOWS\SYSTEM32\profapi.dll
0x00007ffa4c280000 - 0x00007ffa4c357000 	C:\Program Files\Java\jdk-21\bin\jsvml.dll
0x00007ffa4c270000 - 0x00007ffa4c280000 	C:\Program Files\Java\jdk-21\bin\net.dll
0x00007ffa61460000 - 0x00007ffa61588000 	C:\WINDOWS\SYSTEM32\WINHTTP.dll
0x00007ffa66f40000 - 0x00007ffa66fab000 	C:\WINDOWS\system32\mswsock.dll
0x00007ffa4c200000 - 0x00007ffa4c216000 	C:\Program Files\Java\jdk-21\bin\nio.dll
0x00007ffa4c1e0000 - 0x00007ffa4c1f8000 	C:\Program Files\Java\jdk-21\bin\zip.dll
0x000001542c560000 - 0x000001542c563000 	C:\Users\ducp4\.openjfx\cache\21+31\amd64\api-ms-win-core-console-l1-1-0.dll
0x000001542c570000 - 0x000001542c573000 	C:\Users\ducp4\.openjfx\cache\21+31\amd64\api-ms-win-core-console-l1-2-0.dll
0x000001542c580000 - 0x000001542c583000 	C:\Users\ducp4\.openjfx\cache\21+31\amd64\api-ms-win-core-datetime-l1-1-0.dll
0x000001542c590000 - 0x000001542c593000 	C:\Users\ducp4\.openjfx\cache\21+31\amd64\api-ms-win-core-debug-l1-1-0.dll
0x000001542c5a0000 - 0x000001542c5a3000 	C:\Users\ducp4\.openjfx\cache\21+31\amd64\api-ms-win-core-errorhandling-l1-1-0.dll
0x000001542c5b0000 - 0x000001542c5b4000 	C:\Users\ducp4\.openjfx\cache\21+31\amd64\api-ms-win-core-file-l1-1-0.dll
0x000001542c5c0000 - 0x000001542c5c3000 	C:\Users\ducp4\.openjfx\cache\21+31\amd64\api-ms-win-core-file-l1-2-0.dll
0x000001542c5d0000 - 0x000001542c5d3000 	C:\Users\ducp4\.openjfx\cache\21+31\amd64\api-ms-win-core-file-l2-1-0.dll
0x000001542c5e0000 - 0x000001542c5e3000 	C:\Users\ducp4\.openjfx\cache\21+31\amd64\api-ms-win-core-handle-l1-1-0.dll
0x000001544ef60000 - 0x000001544ef63000 	C:\Users\ducp4\.openjfx\cache\21+31\amd64\api-ms-win-core-heap-l1-1-0.dll
0x000001544ef70000 - 0x000001544ef73000 	C:\Users\ducp4\.openjfx\cache\21+31\amd64\api-ms-win-core-interlocked-l1-1-0.dll
0x000001544ef80000 - 0x000001544ef83000 	C:\Users\ducp4\.openjfx\cache\21+31\amd64\api-ms-win-core-libraryloader-l1-1-0.dll
0x000001544ef90000 - 0x000001544ef93000 	C:\Users\ducp4\.openjfx\cache\21+31\amd64\api-ms-win-core-localization-l1-2-0.dll
0x000001544efa0000 - 0x000001544efa3000 	C:\Users\ducp4\.openjfx\cache\21+31\amd64\api-ms-win-core-memory-l1-1-0.dll
0x000001544efb0000 - 0x000001544efb3000 	C:\Users\ducp4\.openjfx\cache\21+31\amd64\api-ms-win-core-namedpipe-l1-1-0.dll
0x000001544efc0000 - 0x000001544efc3000 	C:\Users\ducp4\.openjfx\cache\21+31\amd64\api-ms-win-core-processenvironment-l1-1-0.dll
0x000001544efd0000 - 0x000001544efd3000 	C:\Users\ducp4\.openjfx\cache\21+31\amd64\api-ms-win-core-processthreads-l1-1-0.dll
0x000001544efe0000 - 0x000001544efe3000 	C:\Users\ducp4\.openjfx\cache\21+31\amd64\api-ms-win-core-processthreads-l1-1-1.dll
0x000001544eff0000 - 0x000001544eff3000 	C:\Users\ducp4\.openjfx\cache\21+31\amd64\api-ms-win-core-profile-l1-1-0.dll
0x0000015495100000 - 0x0000015495103000 	C:\Users\ducp4\.openjfx\cache\21+31\amd64\api-ms-win-core-rtlsupport-l1-1-0.dll
0x0000015495110000 - 0x0000015495113000 	C:\Users\ducp4\.openjfx\cache\21+31\amd64\api-ms-win-core-string-l1-1-0.dll
0x000001544ee50000 - 0x000001544ee53000 	C:\Users\ducp4\.openjfx\cache\21+31\amd64\api-ms-win-core-synch-l1-1-0.dll
0x000001544ee60000 - 0x000001544ee63000 	C:\Users\ducp4\.openjfx\cache\21+31\amd64\api-ms-win-core-synch-l1-2-0.dll
0x000001544ee70000 - 0x000001544ee73000 	C:\Users\ducp4\.openjfx\cache\21+31\amd64\api-ms-win-core-sysinfo-l1-1-0.dll
0x000001544ee80000 - 0x000001544ee83000 	C:\Users\ducp4\.openjfx\cache\21+31\amd64\api-ms-win-core-timezone-l1-1-0.dll
0x000001544ee90000 - 0x000001544ee93000 	C:\Users\ducp4\.openjfx\cache\21+31\amd64\api-ms-win-core-util-l1-1-0.dll
0x000001544eea0000 - 0x000001544eea3000 	C:\Users\ducp4\.openjfx\cache\21+31\amd64\api-ms-win-crt-conio-l1-1-0.dll
0x000001544eeb0000 - 0x000001544eeb4000 	C:\Users\ducp4\.openjfx\cache\21+31\amd64\api-ms-win-crt-convert-l1-1-0.dll
0x000001544eec0000 - 0x000001544eec3000 	C:\Users\ducp4\.openjfx\cache\21+31\amd64\api-ms-win-crt-environment-l1-1-0.dll
0x000001544eed0000 - 0x000001544eed3000 	C:\Users\ducp4\.openjfx\cache\21+31\amd64\api-ms-win-crt-filesystem-l1-1-0.dll
0x000001544eee0000 - 0x000001544eee3000 	C:\Users\ducp4\.openjfx\cache\21+31\amd64\api-ms-win-crt-heap-l1-1-0.dll
0x000001544eef0000 - 0x000001544eef3000 	C:\Users\ducp4\.openjfx\cache\21+31\amd64\api-ms-win-crt-locale-l1-1-0.dll
0x000001544ef00000 - 0x000001544ef05000 	C:\Users\ducp4\.openjfx\cache\21+31\amd64\api-ms-win-crt-math-l1-1-0.dll
0x000001544ef10000 - 0x000001544ef15000 	C:\Users\ducp4\.openjfx\cache\21+31\amd64\api-ms-win-crt-multibyte-l1-1-0.dll
0x000001544ef20000 - 0x000001544ef30000 	C:\Users\ducp4\.openjfx\cache\21+31\amd64\api-ms-win-crt-private-l1-1-0.dll
0x000001544ef30000 - 0x000001544ef33000 	C:\Users\ducp4\.openjfx\cache\21+31\amd64\api-ms-win-crt-process-l1-1-0.dll
0x000001544ef40000 - 0x000001544ef44000 	C:\Users\ducp4\.openjfx\cache\21+31\amd64\api-ms-win-crt-runtime-l1-1-0.dll
0x000001544ef50000 - 0x000001544ef54000 	C:\Users\ducp4\.openjfx\cache\21+31\amd64\api-ms-win-crt-stdio-l1-1-0.dll
0x0000015494fd0000 - 0x0000015494fd4000 	C:\Users\ducp4\.openjfx\cache\21+31\amd64\api-ms-win-crt-string-l1-1-0.dll
0x0000015494fe0000 - 0x0000015494fe3000 	C:\Users\ducp4\.openjfx\cache\21+31\amd64\api-ms-win-crt-time-l1-1-0.dll
0x0000015494ff0000 - 0x0000015494ff3000 	C:\Users\ducp4\.openjfx\cache\21+31\amd64\api-ms-win-crt-utility-l1-1-0.dll
0x00007ffa4bab0000 - 0x00007ffa4bbac000 	C:\Users\ducp4\.openjfx\cache\21+31\amd64\ucrtbase.dll
0x00007ffa50a40000 - 0x00007ffa50a5b000 	C:\Users\ducp4\.openjfx\cache\21+31\amd64\vcruntime140.dll
0x00007ffa50a30000 - 0x00007ffa50a3c000 	C:\Users\ducp4\.openjfx\cache\21+31\amd64\vcruntime140_1.dll
0x00007ffa39680000 - 0x00007ffa3970e000 	C:\Users\ducp4\.openjfx\cache\21+31\amd64\msvcp140.dll
0x00007ffa688a0000 - 0x00007ffa68a37000 	C:\WINDOWS\System32\ole32.dll
0x00007ffa50a20000 - 0x00007ffa50a29000 	C:\Users\ducp4\.openjfx\cache\21+31\amd64\msvcp140_1.dll
0x00007ffa4c9a0000 - 0x00007ffa4c9cf000 	C:\Users\ducp4\.openjfx\cache\21+31\amd64\msvcp140_2.dll
0x00007ffa4c4c0000 - 0x00007ffa4c4ef000 	C:\Users\ducp4\.openjfx\cache\21+31\amd64\prism_d3d.dll
0x00007ffa15f90000 - 0x00007ffa16140000 	C:\WINDOWS\system32\d3d9.dll
0x00007ffa65180000 - 0x00007ffa651b0000 	C:\WINDOWS\SYSTEM32\dwmapi.dll
0x00007ffa64fb0000 - 0x00007ffa64ff3000 	C:\WINDOWS\SYSTEM32\dxcore.dll
0x00007ffa64ed0000 - 0x00007ffa64f7a000 	C:\WINDOWS\system32\uxtheme.dll
0x00007ffa15d00000 - 0x00007ffa15f90000 	C:\WINDOWS\System32\DriverStore\FileRepository\iigd_dch.inf_amd64_f93b33e201f14a12\igdumdim64.dll
0x00007ffa14520000 - 0x00007ffa15a71000 	C:\WINDOWS\System32\DriverStore\FileRepository\iigd_dch.inf_amd64_f93b33e201f14a12\igd9trinity64.dll
0x00007ffa65000000 - 0x00007ffa65139000 	C:\WINDOWS\system32\dxgi.dll
0x00007ffa5e360000 - 0x00007ffa5e7a1000 	C:\WINDOWS\System32\DriverStore\FileRepository\iigd_dch.inf_amd64_f93b33e201f14a12\igdgmm64.dll
0x00007ffa5e9b0000 - 0x00007ffa5e9d5000 	C:\WINDOWS\System32\DriverStore\FileRepository\iigd_dch.inf_amd64_f93b33e201f14a12\igc64.dll
0x00007ffa30700000 - 0x00007ffa3074f000 	C:\WINDOWS\SYSTEM32\ControlLib.dll
0x00007ffa67790000 - 0x00007ffa677e7000 	C:\WINDOWS\SYSTEM32\CFGMGR32.dll
0x00007ffa26d40000 - 0x00007ffa26de4000 	C:\WINDOWS\System32\DriverStore\FileRepository\iigd_dch.inf_amd64_f93b33e201f14a12\IntelControlLib.dll
0x00007ffa61ac0000 - 0x00007ffa61b23000 	C:\WINDOWS\SYSTEM32\directxdatabasehelper.dll
0x00007ffa12fd0000 - 0x00007ffa14515000 	C:\WINDOWS\System32\DriverStore\FileRepository\iigd_dch.inf_amd64_f93b33e201f14a12\igd9dxva64.dll
0x00007ffa68a40000 - 0x00007ffa68eca000 	C:\WINDOWS\System32\SETUPAPI.dll
0x00007ffa4c9d0000 - 0x00007ffa4e6fd000 	C:\WINDOWS\System32\DriverStore\FileRepository\iigd_dch.inf_amd64_f93b33e201f14a12\media_bin_64.dll
0x00007ffa4ba20000 - 0x00007ffa4ba62000 	C:\Users\ducp4\.openjfx\cache\21+31\amd64\glass.dll
0x00007ffa68ed0000 - 0x00007ffa68fc2000 	C:\WINDOWS\System32\COMDLG32.dll
0x00007ffa69930000 - 0x00007ffa69a8e000 	C:\WINDOWS\System32\MSCTF.dll
0x00007ffa58960000 - 0x00007ffa5d5fd000 	C:\WINDOWS\System32\DriverStore\FileRepository\iigd_dch.inf_amd64_f93b33e201f14a12\igc-default64.dll
0x00007ffa35570000 - 0x00007ffa356b7000 	C:\WINDOWS\System32\DriverStore\FileRepository\iigd_dch.inf_amd64_f93b33e201f14a12\igdml64.dll
0x00007ffa503d0000 - 0x00007ffa503f8000 	C:\WINDOWS\System32\DriverStore\FileRepository\iigd_dch.inf_amd64_f93b33e201f14a12\igdinfo64.dll
0x00007ffa67200000 - 0x00007ffa6721b000 	C:\WINDOWS\SYSTEM32\CRYPTSP.dll
0x00007ffa66930000 - 0x00007ffa6696a000 	C:\WINDOWS\system32\rsaenh.dll
0x00007ffa67220000 - 0x00007ffa6722c000 	C:\WINDOWS\SYSTEM32\CRYPTBASE.dll
0x00007ffa67b00000 - 0x00007ffa67b2a000 	C:\WINDOWS\SYSTEM32\bcrypt.dll
0x00007ffa50640000 - 0x00007ffa50654000 	C:\Users\ducp4\.openjfx\cache\21+31\amd64\javafx_font.dll
0x00007ffa637f0000 - 0x00007ffa63a57000 	C:\WINDOWS\SYSTEM32\dwrite.dll
0x00007ffa66570000 - 0x00007ffa6669c000 	C:\WINDOWS\SYSTEM32\DNSAPI.dll
0x00007ffa66530000 - 0x00007ffa66564000 	C:\WINDOWS\SYSTEM32\IPHLPAPI.DLL
0x00007ffa6a1b0000 - 0x00007ffa6a1ba000 	C:\WINDOWS\System32\NSI.dll
0x00007ffa5e9a0000 - 0x00007ffa5e9ab000 	C:\Windows\System32\rasadhlp.dll

dbghelp: loaded successfully - version: 4.0.5 - missing functions: none
symbol engine: initialized successfully - sym options: 0x614 - pdb path: .;C:\Program Files\Java\jdk-21\bin;C:\WINDOWS\SYSTEM32;C:\WINDOWS\WinSxS\amd64_microsoft.windows.common-controls_6595b64144ccf1df_6.0.26100.7019_none_3e06ffa0e335b8a8;C:\Program Files\Java\jdk-21\bin\server;C:\Users\ducp4\.openjfx\cache\21+31\amd64;C:\WINDOWS\System32\DriverStore\FileRepository\iigd_dch.inf_amd64_f93b33e201f14a12;C:\Program Files\Common Files\Microsoft Shared\Ink

VM Arguments:
jvm_args: --enable-preview -javaagent:D:\[phanmemmaytinh.org]Proteus-Professional-8.17-SP2\intellij\IntelliJ IDEA Community Edition 2025.2.4\lib\idea_rt.jar=64075 -Dfile.encoding=UTF-8 -Dsun.stdout.encoding=UTF-8 -Dsun.stderr.encoding=UTF-8 --module-path=C:\Users\ducp4\.m2\repository\org\openjfx\javafx-graphics\21\javafx-graphics-21-win.jar;C:\Users\ducp4\.m2\repository\org\openjfx\javafx-base\21\javafx-base-21-win.jar;C:\Users\ducp4\.m2\repository\org\openjfx\javafx-controls\21\javafx-controls-21-win.jar;C:\Users\ducp4\.m2\repository\org\json\json\20230227\json-20230227.jar;C:\Users\ducp4\.m2\repository\org\openjfx\javafx-fxml\21\javafx-fxml-21-win.jar;C:\Users\ducp4\.m2\repository\com\google\code\gson\gson\2.10.1\gson-2.10.1.jar;C:\Users\ducp4\Downloads\TankVerse\target\classes -Djdk.module.main=com.tank2d.tankverse 
java_command: com.tank2d.tankverse/com.tank2d.tankverse.ClientMain
java_class_path (initial): C:\Users\ducp4\.m2\repository\org\openjfx\javafx-controls\21\javafx-controls-21.jar;C:\Users\ducp4\.m2\repository\org\openjfx\javafx-graphics\21\javafx-graphics-21.jar;C:\Users\ducp4\.m2\repository\org\openjfx\javafx-base\21\javafx-base-21.jar;C:\Users\ducp4\.m2\repository\org\openjfx\javafx-fxml\21\javafx-fxml-21.jar
Launcher Type: SUN_STANDARD

[Global flags]
     intx CICompilerCount                          = 12                                        {product} {ergonomic}
     uint ConcGCThreads                            = 3                                         {product} {ergonomic}
     uint G1ConcRefinementThreads                  = 13                                        {product} {ergonomic}
   size_t G1HeapRegionSize                         = 2097152                                   {product} {ergonomic}
    uintx GCDrainStackTargetSize                   = 64                                        {product} {ergonomic}
   size_t InitialHeapSize                          = 264241152                                 {product} {ergonomic}
   size_t MarkStackSize                            = 4194304                                   {product} {ergonomic}
   size_t MaxHeapSize                              = 4223664128                                {product} {ergonomic}
   size_t MaxNewSize                               = 2533359616                                {product} {ergonomic}
   size_t MinHeapDeltaBytes                        = 2097152                                   {product} {ergonomic}
   size_t MinHeapSize                              = 8388608                                   {product} {ergonomic}
    uintx NonNMethodCodeHeapSize                   = 7602480                                {pd product} {ergonomic}
    uintx NonProfiledCodeHeapSize                  = 122027880                              {pd product} {ergonomic}
    uintx ProfiledCodeHeapSize                     = 122027880                              {pd product} {ergonomic}
    uintx ReservedCodeCacheSize                    = 251658240                              {pd product} {ergonomic}
     bool SegmentedCodeCache                       = true                                      {product} {ergonomic}
   size_t SoftMaxHeapSize                          = 4223664128                             {manageable} {ergonomic}
     bool UseCompressedOops                        = true                           {product lp64_product} {ergonomic}
     bool UseG1GC                                  = true                                      {product} {ergonomic}
     bool UseLargePagesIndividualAllocation        = false                                  {pd product} {ergonomic}

Logging:
Log output configuration:
 #0: stdout all=warning uptime,level,tags foldmultilines=false
 #1: stderr all=off uptime,level,tags foldmultilines=false

Environment Variables:
PATH=C:\Program Files\Microsoft MPI\Bin\;C:\Program Files\Common Files\Oracle\Java\javapath;C:\WINDOWS\system32;C:\WINDOWS;C:\WINDOWS\System32\Wbem;C:\WINDOWS\System32\WindowsPowerShell\v1.0\;C:\WINDOWS\System32\OpenSSH\;C:\Program Files (x86)\Microsoft SQL Server\160\Tools\Binn\;C:\Program Files\Microsoft SQL Server\160\Tools\Binn\;C:\Program Files\Microsoft SQL Server\Client SDK\ODBC\170\Tools\Binn\;C:\Program Files\Microsoft SQL Server\160\DTS\Binn\;C:\Program Files\Azure Data Studio\bin;C:\Program Files\Git\cmd;C:\xampp\php;C:\ProgramData\ComposerSetup\bin;C:\Program Files\MySQL\MySQL Shell 8.0\bin\;C:\Users\ducp4\AppData\Local\Microsoft\WindowsApps;C:\Users\ducp4\AppData\Local\Programs\Microsoft VS Code\bin;C:\Users\ducp4\AppData\Roaming\Composer\vendor\bin;C:\Users\ducp4\AppData\Roaming\npm;C:\Platform-tools\platform-tools;C:\adb;C:\WINDOWS\system32;C:\WINDOWS;C:\WINDOWS\System32\Wbem;C:\WINDOWS\System32\WindowsPowerShell\v1.0\;C:\WINDOWS\System32\OpenSSH\;C:\Program Files (x86)\Eclipse\Sumo\bin\;C:\Program Files (x86)\Eclipse\Sumo\tools\;C:\Users\ducp4\AppData\Local\Programs\Python\Python313\;C:\Users\ducp4\AppData\Local\Programs\Python\Python313\Scripts\;C:\Program Files\dotnet\;C:\Program Files (x86)\Eclipse\Sumo\bin;C:\Program Files\nodejs\;C:\Program Files\Tailscale\;C:\Program Files\MySQL\MySQL Shell 8.0\bin\;C:\Users\ducp4\AppData\Local\Microsoft\WindowsApps;C:\Program Files\Azure Data Studio\bin;C:\Users\ducp4\AppData\Local\Programs\Microsoft VS Code\bin;C:\Users\ducp4\AppData\Roaming\Composer\vendor\bin;C:\Platform-tools\platform-tools;C:\Users\ducp4\AppData\Local\Programs\Python\Python313\;C:\Users\ducp4\AppData\Local\Programs\Python\Python313\Scripts\;C:\Program Files (x86)\Eclipse\Sumo\tools\;D:\[phanmemmaytinh.org]Proteus-Professional-8.17-SP2\intellij\IntelliJ IDEA Community Edition 2025.2.4\bin;C:\Users\ducp4\.dotnet\tools;C:\Users\ducp4\Downloads\ffmpeg-2025-11-17-git-e94439e49b-full_build\ffmpeg-2025-11-17-git-e94439e49b-full_build\bin;C:\Users\ducp4\AppData\Roaming\npm
USERNAME=ducp4
OS=Windows_NT
PROCESSOR_IDENTIFIER=Intel64 Family 6 Model 154 Stepping 3, GenuineIntel
TMP=C:\Users\ducp4\AppData\Local\Temp
TEMP=C:\Users\ducp4\AppData\Local\Temp




Periodic native trim disabled

---------------  S Y S T E M  ---------------

OS:
 Windows 11 , 64 bit Build 26100 (10.0.26100.7019)
OS uptime: 0 days 14:35 hours

CPU: total 16 (initial active 16) (8 cores per cpu, 2 threads per core) family 6 model 154 stepping 3 microcode 0x434, cx8, cmov, fxsr, ht, mmx, 3dnowpref, sse, sse2, sse3, ssse3, sse4.1, sse4.2, popcnt, lzcnt, tsc, tscinvbit, avx, avx2, aes, erms, clmul, bmi1, bmi2, adx, sha, fma, vzeroupper, clflush, clflushopt, clwb, serialize, rdtscp, rdpid, fsrm, f16c, pku, cet_ibt, cet_ss
Processor Information for processor 0
  Max Mhz: 2500, Current Mhz: 2500, Mhz Limit: 2500
Processor Information for processor 1
  Max Mhz: 2500, Current Mhz: 2500, Mhz Limit: 2500
Processor Information for processor 2
  Max Mhz: 2500, Current Mhz: 2500, Mhz Limit: 2500
Processor Information for processor 3
  Max Mhz: 2500, Current Mhz: 2500, Mhz Limit: 2500
Processor Information for processor 4
  Max Mhz: 2500, Current Mhz: 2500, Mhz Limit: 2500
Processor Information for processor 5
  Max Mhz: 2500, Current Mhz: 2500, Mhz Limit: 2500
Processor Information for processor 6
  Max Mhz: 2500, Current Mhz: 2500, Mhz Limit: 2500
Processor Information for processor 7
  Max Mhz: 2500, Current Mhz: 2500, Mhz Limit: 2500
Processor Information for processor 8
  Max Mhz: 2500, Current Mhz: 1800, Mhz Limit: 1800
Processor Information for processor 9
  Max Mhz: 2500, Current Mhz: 1800, Mhz Limit: 1800
Processor Information for processor 10
  Max Mhz: 2500, Current Mhz: 1800, Mhz Limit: 1800
Processor Information for processor 11
  Max Mhz: 2500, Current Mhz: 1800, Mhz Limit: 1800
Processor Information for processor 12
  Max Mhz: 2500, Current Mhz: 1800, Mhz Limit: 1800
Processor Information for processor 13
  Max Mhz: 2500, Current Mhz: 1800, Mhz Limit: 1800
Processor Information for processor 14
  Max Mhz: 2500, Current Mhz: 1800, Mhz Limit: 1800
Processor Information for processor 15
  Max Mhz: 2500, Current Mhz: 1800, Mhz Limit: 1800

Memory: 4k page, system-wide physical 16107M (2058M free)
TotalPageFile size 20426M (AvailPageFile size 4M)
current process WorkingSet (physical memory assigned to process): 309M, peak: 309M
current process commit charge ("private bytes"): 558M, peak: 567M

vm_info: Java HotSpot(TM) 64-Bit Server VM (21.0.1+12-LTS-29) for windows-amd64 JRE (21.0.1+12-LTS-29), built on 2023-10-05T13:27:09Z by "mach5one" with MS VC++ 17.1 (VS2022)

END.
